{"__type":"$$EventMessageWorkflow","id":"4d8b4230-253e-4df1-bdb9-c19d4a207023","ts":"2025-06-04T12:04:48.930+00:00","eventName":"n8n.workflow.started","message":"n8n.workflow.started","payload":{"executionId":"12","workflowId":"XaLsTVD8VmMtYP5m","isManual":false,"workflowName":"My workflow"}}
{"__type":"$$EventMessageConfirm","confirm":"4d8b4230-253e-4df1-bdb9-c19d4a207023","ts":"2025-06-04T12:04:48.932+00:00","source":{"id":"0","name":"eventBus"}}
{"__type":"$$EventMessageNode","id":"c5a5a5d4-1e14-4b7f-a714-9f9556a589dd","ts":"2025-06-04T12:04:48.937+00:00","eventName":"n8n.node.started","message":"n8n.node.started","payload":{"workflowId":"XaLsTVD8VmMtYP5m","workflowName":"My workflow","executionId":"12","nodeType":"n8n-nodes-base.manualTrigger","nodeName":"When clicking ‘Execute workflow’"}}
{"__type":"$$EventMessageConfirm","confirm":"c5a5a5d4-1e14-4b7f-a714-9f9556a589dd","ts":"2025-06-04T12:04:48.937+00:00","source":{"id":"0","name":"eventBus"}}
{"__type":"$$EventMessageNode","id":"eb8b16ca-ea0d-45cc-a1a3-608fdf1844c3","ts":"2025-06-04T12:04:48.949+00:00","eventName":"n8n.node.finished","message":"n8n.node.finished","payload":{"workflowId":"XaLsTVD8VmMtYP5m","workflowName":"My workflow","executionId":"12","nodeType":"n8n-nodes-base.manualTrigger","nodeName":"When clicking ‘Execute workflow’"}}
{"__type":"$$EventMessageConfirm","confirm":"eb8b16ca-ea0d-45cc-a1a3-608fdf1844c3","ts":"2025-06-04T12:04:48.949+00:00","source":{"id":"0","name":"eventBus"}}
{"__type":"$$EventMessageNode","id":"5de93979-7584-444e-9fe3-43610fafffe6","ts":"2025-06-04T12:04:48.951+00:00","eventName":"n8n.node.started","message":"n8n.node.started","payload":{"workflowId":"XaLsTVD8VmMtYP5m","workflowName":"My workflow","executionId":"12","nodeType":"n8n-nodes-base.executeCommand","nodeName":"Execute Command"}}
{"__type":"$$EventMessageConfirm","confirm":"5de93979-7584-444e-9fe3-43610fafffe6","ts":"2025-06-04T12:04:48.951+00:00","source":{"id":"0","name":"eventBus"}}
{"__type":"$$EventMessageNode","id":"c1c9823f-c502-4068-bd4f-62b97f66cf65","ts":"2025-06-04T12:04:49.065+00:00","eventName":"n8n.node.finished","message":"n8n.node.finished","payload":{"workflowId":"XaLsTVD8VmMtYP5m","workflowName":"My workflow","executionId":"12","nodeType":"n8n-nodes-base.executeCommand","nodeName":"Execute Command"}}
{"__type":"$$EventMessageConfirm","confirm":"c1c9823f-c502-4068-bd4f-62b97f66cf65","ts":"2025-06-04T12:04:49.065+00:00","source":{"id":"0","name":"eventBus"}}
{"__type":"$$EventMessageWorkflow","id":"2fdb844d-021e-455c-82f5-1620a0856035","ts":"2025-06-04T12:04:49.073+00:00","eventName":"n8n.workflow.success","message":"n8n.workflow.success","payload":{"executionId":"12","userId":"9b8b052a-db15-4de7-91d1-091b24ac0870","success":true,"isManual":true,"workflowId":"XaLsTVD8VmMtYP5m","workflowName":"My workflow"}}
{"__type":"$$EventMessageConfirm","confirm":"2fdb844d-021e-455c-82f5-1620a0856035","ts":"2025-06-04T12:04:49.073+00:00","source":{"id":"0","name":"eventBus"}}
{"__type":"$$EventMessageWorkflow","id":"77e624e0-3309-4ea3-87f8-3fad1b68d8dc","ts":"2025-06-04T12:12:36.579+00:00","eventName":"n8n.workflow.started","message":"n8n.workflow.started","payload":{"executionId":"13","workflowId":"XaLsTVD8VmMtYP5m","isManual":false,"workflowName":"My workflow"}}
{"__type":"$$EventMessageConfirm","confirm":"77e624e0-3309-4ea3-87f8-3fad1b68d8dc","ts":"2025-06-04T12:12:36.579+00:00","source":{"id":"0","name":"eventBus"}}
{"__type":"$$EventMessageNode","id":"792bc1a3-79d4-4319-917b-e416f41e4e67","ts":"2025-06-04T12:12:36.582+00:00","eventName":"n8n.node.started","message":"n8n.node.started","payload":{"workflowId":"XaLsTVD8VmMtYP5m","workflowName":"My workflow","executionId":"13","nodeType":"n8n-nodes-base.executeCommand","nodeName":"Execute Command"}}
{"__type":"$$EventMessageConfirm","confirm":"792bc1a3-79d4-4319-917b-e416f41e4e67","ts":"2025-06-04T12:12:36.582+00:00","source":{"id":"0","name":"eventBus"}}
{"__type":"$$EventMessageNode","id":"30bf5d0c-30b2-4b82-bcec-85c845ab3219","ts":"2025-06-04T12:12:37.549+00:00","eventName":"n8n.node.finished","message":"n8n.node.finished","payload":{"workflowId":"XaLsTVD8VmMtYP5m","workflowName":"My workflow","executionId":"13","nodeType":"n8n-nodes-base.executeCommand","nodeName":"Execute Command"}}
{"__type":"$$EventMessageConfirm","confirm":"30bf5d0c-30b2-4b82-bcec-85c845ab3219","ts":"2025-06-04T12:12:37.549+00:00","source":{"id":"0","name":"eventBus"}}
{"__type":"$$EventMessageWorkflow","id":"114795e3-b66f-4f9f-9db7-d8edee7f7633","ts":"2025-06-04T12:12:37.554+00:00","eventName":"n8n.workflow.success","message":"n8n.workflow.success","payload":{"executionId":"13","userId":"9b8b052a-db15-4de7-91d1-091b24ac0870","success":true,"isManual":true,"workflowId":"XaLsTVD8VmMtYP5m","workflowName":"My workflow"}}
{"__type":"$$EventMessageConfirm","confirm":"114795e3-b66f-4f9f-9db7-d8edee7f7633","ts":"2025-06-04T12:12:37.554+00:00","source":{"id":"0","name":"eventBus"}}
{"__type":"$$EventMessageWorkflow","id":"a4c3f083-15e3-403f-b85c-198324c3e89b","ts":"2025-06-04T12:14:48.448+00:00","eventName":"n8n.workflow.started","message":"n8n.workflow.started","payload":{"executionId":"14","workflowId":"XaLsTVD8VmMtYP5m","isManual":false,"workflowName":"My workflow"}}
{"__type":"$$EventMessageConfirm","confirm":"a4c3f083-15e3-403f-b85c-198324c3e89b","ts":"2025-06-04T12:14:48.448+00:00","source":{"id":"0","name":"eventBus"}}
{"__type":"$$EventMessageNode","id":"fd03f28f-0a58-4d89-a1f7-73237763b963","ts":"2025-06-04T12:14:48.449+00:00","eventName":"n8n.node.started","message":"n8n.node.started","payload":{"workflowId":"XaLsTVD8VmMtYP5m","workflowName":"My workflow","executionId":"14","nodeType":"n8n-nodes-base.executeCommand","nodeName":"Execute Command"}}
{"__type":"$$EventMessageConfirm","confirm":"fd03f28f-0a58-4d89-a1f7-73237763b963","ts":"2025-06-04T12:14:48.449+00:00","source":{"id":"0","name":"eventBus"}}
{"__type":"$$EventMessageNode","id":"a41b7e27-9ab7-495a-997f-6cb886b2a22c","ts":"2025-06-04T12:16:12.921+00:00","eventName":"n8n.node.finished","message":"n8n.node.finished","payload":{"workflowId":"XaLsTVD8VmMtYP5m","workflowName":"My workflow","executionId":"14","nodeType":"n8n-nodes-base.executeCommand","nodeName":"Execute Command"}}
{"__type":"$$EventMessageConfirm","confirm":"a41b7e27-9ab7-495a-997f-6cb886b2a22c","ts":"2025-06-04T12:16:12.921+00:00","source":{"id":"0","name":"eventBus"}}
{"__type":"$$EventMessageWorkflow","id":"049acc68-53fa-4a18-a418-329593795404","ts":"2025-06-04T12:16:12.926+00:00","eventName":"n8n.workflow.failed","message":"n8n.workflow.failed","payload":{"executionId":"14","userId":"9b8b052a-db15-4de7-91d1-091b24ac0870","success":false,"isManual":true,"workflowId":"XaLsTVD8VmMtYP5m","workflowName":"My workflow","lastNodeExecuted":"Execute Command","errorNodeType":"n8n-nodes-base.executeCommand","errorMessage":"Command failed: pip3 install --no-cache-dir pandas numpy openpyxl\n\nERROR: Could not install packages due to an OSError: [Errno 13] Permission denied: '/opt/venv/lib/python3.12/site-packages/pytz'\nCheck the permissions.\n\n\n[notice] A new release of pip is available: 25.0.1 -> 25.1.1\n[notice] To update, run: pip install --upgrade pip\n"}}
{"__type":"$$EventMessageConfirm","confirm":"049acc68-53fa-4a18-a418-329593795404","ts":"2025-06-04T12:16:12.926+00:00","source":{"id":"0","name":"eventBus"}}
{"__type":"$$EventMessageWorkflow","id":"9bc4f987-ec0a-4483-9b6f-c36b0ffb3ebb","ts":"2025-06-04T12:20:02.752+00:00","eventName":"n8n.workflow.started","message":"n8n.workflow.started","payload":{"executionId":"15","workflowId":"XaLsTVD8VmMtYP5m","isManual":false,"workflowName":"My workflow"}}
{"__type":"$$EventMessageConfirm","confirm":"9bc4f987-ec0a-4483-9b6f-c36b0ffb3ebb","ts":"2025-06-04T12:20:02.752+00:00","source":{"id":"0","name":"eventBus"}}
{"__type":"$$EventMessageNode","id":"2895510f-0b28-41d4-9ddf-58ca180e20ca","ts":"2025-06-04T12:20:02.753+00:00","eventName":"n8n.node.started","message":"n8n.node.started","payload":{"workflowId":"XaLsTVD8VmMtYP5m","workflowName":"My workflow","executionId":"15","nodeType":"n8n-nodes-base.executeCommand","nodeName":"Execute Command"}}
{"__type":"$$EventMessageConfirm","confirm":"2895510f-0b28-41d4-9ddf-58ca180e20ca","ts":"2025-06-04T12:20:02.754+00:00","source":{"id":"0","name":"eventBus"}}
{"__type":"$$EventMessageNode","id":"d5ac1737-9bb3-4d50-9680-ab00f9266b2c","ts":"2025-06-04T12:24:55.772+00:00","eventName":"n8n.node.finished","message":"n8n.node.finished","payload":{"workflowId":"XaLsTVD8VmMtYP5m","workflowName":"My workflow","executionId":"15","nodeType":"n8n-nodes-base.executeCommand","nodeName":"Execute Command"}}
{"__type":"$$EventMessageConfirm","confirm":"d5ac1737-9bb3-4d50-9680-ab00f9266b2c","ts":"2025-06-04T12:24:55.773+00:00","source":{"id":"0","name":"eventBus"}}
{"__type":"$$EventMessageWorkflow","id":"614d23c8-52b8-46b0-a7c7-2ec8462fcd78","ts":"2025-06-04T12:24:55.779+00:00","eventName":"n8n.workflow.failed","message":"n8n.workflow.failed","payload":{"executionId":"15","userId":"9b8b052a-db15-4de7-91d1-091b24ac0870","success":false,"isManual":true,"workflowId":"XaLsTVD8VmMtYP5m","workflowName":"My workflow","lastNodeExecuted":"Execute Command","errorNodeType":"n8n-nodes-base.executeCommand","errorMessage":"Command failed: pip3 install --no-cache-dir pandas\n\n\nERROR: Could not install packages due to an OSError: [Errno 13] Permission denied: '/opt/venv/lib/python3.12/site-packages/pytz'\nCheck the permissions.\n\n\n[notice] A new release of pip is available: 25.0.1 -> 25.1.1\n[notice] To update, run: pip install --upgrade pip\n"}}
{"__type":"$$EventMessageConfirm","confirm":"614d23c8-52b8-46b0-a7c7-2ec8462fcd78","ts":"2025-06-04T12:24:55.779+00:00","source":{"id":"0","name":"eventBus"}}
{"__type":"$$EventMessageWorkflow","id":"b4909459-2988-4305-9f24-e5aafba739e4","ts":"2025-06-04T12:29:10.972+00:00","eventName":"n8n.workflow.started","message":"n8n.workflow.started","payload":{"executionId":"16","workflowId":"XaLsTVD8VmMtYP5m","isManual":false,"workflowName":"My workflow"}}
{"__type":"$$EventMessageConfirm","confirm":"b4909459-2988-4305-9f24-e5aafba739e4","ts":"2025-06-04T12:29:10.972+00:00","source":{"id":"0","name":"eventBus"}}
{"__type":"$$EventMessageNode","id":"7fcf689a-1364-4497-88ba-a218cde13d39","ts":"2025-06-04T12:29:10.974+00:00","eventName":"n8n.node.started","message":"n8n.node.started","payload":{"workflowId":"XaLsTVD8VmMtYP5m","workflowName":"My workflow","executionId":"16","nodeType":"n8n-nodes-base.executeCommand","nodeName":"Execute Command"}}
{"__type":"$$EventMessageConfirm","confirm":"7fcf689a-1364-4497-88ba-a218cde13d39","ts":"2025-06-04T12:29:10.974+00:00","source":{"id":"0","name":"eventBus"}}
{"__type":"$$EventMessageNode","id":"e4e13e99-70f7-4208-9d7d-f7987808c297","ts":"2025-06-04T12:29:11.035+00:00","eventName":"n8n.node.finished","message":"n8n.node.finished","payload":{"workflowId":"XaLsTVD8VmMtYP5m","workflowName":"My workflow","executionId":"16","nodeType":"n8n-nodes-base.executeCommand","nodeName":"Execute Command"}}
{"__type":"$$EventMessageConfirm","confirm":"e4e13e99-70f7-4208-9d7d-f7987808c297","ts":"2025-06-04T12:29:11.035+00:00","source":{"id":"0","name":"eventBus"}}
{"__type":"$$EventMessageWorkflow","id":"18bddf40-9cfa-4bf3-81dc-6a5f200a37d0","ts":"2025-06-04T12:29:11.038+00:00","eventName":"n8n.workflow.failed","message":"n8n.workflow.failed","payload":{"executionId":"16","userId":"9b8b052a-db15-4de7-91d1-091b24ac0870","success":false,"isManual":true,"workflowId":"XaLsTVD8VmMtYP5m","workflowName":"My workflow","lastNodeExecuted":"Execute Command","errorNodeType":"n8n-nodes-base.executeCommand","errorMessage":"Command failed: python C:\\Users\\numan\\n8n-files\\scripts\\py-n8n.py\n\npython: can't open file '/home/node/C:Usersnumann8n-filesscriptspy-n8n.py': [Errno 2] No such file or directory\n"}}
{"__type":"$$EventMessageConfirm","confirm":"18bddf40-9cfa-4bf3-81dc-6a5f200a37d0","ts":"2025-06-04T12:29:11.040+00:00","source":{"id":"0","name":"eventBus"}}
{"__type":"$$EventMessageWorkflow","id":"79030272-27c6-45a4-b290-8bd9d66f8509","ts":"2025-06-04T12:29:26.236+00:00","eventName":"n8n.workflow.started","message":"n8n.workflow.started","payload":{"executionId":"17","workflowId":"XaLsTVD8VmMtYP5m","isManual":false,"workflowName":"My workflow"}}
{"__type":"$$EventMessageConfirm","confirm":"79030272-27c6-45a4-b290-8bd9d66f8509","ts":"2025-06-04T12:29:26.236+00:00","source":{"id":"0","name":"eventBus"}}
{"__type":"$$EventMessageNode","id":"ee539638-d0fd-4939-8a7a-6a5dd282dc57","ts":"2025-06-04T12:29:26.237+00:00","eventName":"n8n.node.started","message":"n8n.node.started","payload":{"workflowId":"XaLsTVD8VmMtYP5m","workflowName":"My workflow","executionId":"17","nodeType":"n8n-nodes-base.executeCommand","nodeName":"Execute Command"}}
{"__type":"$$EventMessageConfirm","confirm":"ee539638-d0fd-4939-8a7a-6a5dd282dc57","ts":"2025-06-04T12:29:26.237+00:00","source":{"id":"0","name":"eventBus"}}
{"__type":"$$EventMessageNode","id":"5e495987-0846-44b4-8867-27936bfd90d0","ts":"2025-06-04T12:29:26.269+00:00","eventName":"n8n.node.finished","message":"n8n.node.finished","payload":{"workflowId":"XaLsTVD8VmMtYP5m","workflowName":"My workflow","executionId":"17","nodeType":"n8n-nodes-base.executeCommand","nodeName":"Execute Command"}}
{"__type":"$$EventMessageConfirm","confirm":"5e495987-0846-44b4-8867-27936bfd90d0","ts":"2025-06-04T12:29:26.269+00:00","source":{"id":"0","name":"eventBus"}}
{"__type":"$$EventMessageWorkflow","id":"27fe2e0a-2765-42db-bfdd-93aa7123c94e","ts":"2025-06-04T12:29:26.272+00:00","eventName":"n8n.workflow.failed","message":"n8n.workflow.failed","payload":{"executionId":"17","userId":"9b8b052a-db15-4de7-91d1-091b24ac0870","success":false,"isManual":true,"workflowId":"XaLsTVD8VmMtYP5m","workflowName":"My workflow","lastNodeExecuted":"Execute Command","errorNodeType":"n8n-nodes-base.executeCommand","errorMessage":"Command failed: python py-n8n.py\n\npython: can't open file '/home/node/py-n8n.py': [Errno 2] No such file or directory\n"}}
{"__type":"$$EventMessageConfirm","confirm":"27fe2e0a-2765-42db-bfdd-93aa7123c94e","ts":"2025-06-04T12:29:26.272+00:00","source":{"id":"0","name":"eventBus"}}
{"__type":"$$EventMessageWorkflow","id":"36d67ab8-2ba9-43bb-84bb-76b5578c1fef","ts":"2025-06-04T12:30:05.742+00:00","eventName":"n8n.workflow.started","message":"n8n.workflow.started","payload":{"executionId":"18","workflowId":"XaLsTVD8VmMtYP5m","isManual":false,"workflowName":"My workflow"}}
{"__type":"$$EventMessageConfirm","confirm":"36d67ab8-2ba9-43bb-84bb-76b5578c1fef","ts":"2025-06-04T12:30:05.743+00:00","source":{"id":"0","name":"eventBus"}}
{"__type":"$$EventMessageNode","id":"3663d7d7-2129-424c-b750-e64b35c8dc3e","ts":"2025-06-04T12:30:05.744+00:00","eventName":"n8n.node.started","message":"n8n.node.started","payload":{"workflowId":"XaLsTVD8VmMtYP5m","workflowName":"My workflow","executionId":"18","nodeType":"n8n-nodes-base.executeCommand","nodeName":"Execute Command"}}
{"__type":"$$EventMessageConfirm","confirm":"3663d7d7-2129-424c-b750-e64b35c8dc3e","ts":"2025-06-04T12:30:05.744+00:00","source":{"id":"0","name":"eventBus"}}
{"__type":"$$EventMessageNode","id":"0c15308d-b2f1-48d9-8aa2-6f0d9a4efa42","ts":"2025-06-04T12:30:05.801+00:00","eventName":"n8n.node.finished","message":"n8n.node.finished","payload":{"workflowId":"XaLsTVD8VmMtYP5m","workflowName":"My workflow","executionId":"18","nodeType":"n8n-nodes-base.executeCommand","nodeName":"Execute Command"}}
{"__type":"$$EventMessageConfirm","confirm":"0c15308d-b2f1-48d9-8aa2-6f0d9a4efa42","ts":"2025-06-04T12:30:05.801+00:00","source":{"id":"0","name":"eventBus"}}
{"__type":"$$EventMessageWorkflow","id":"f42cae87-d046-44d4-a002-6b4449808657","ts":"2025-06-04T12:30:05.804+00:00","eventName":"n8n.workflow.success","message":"n8n.workflow.success","payload":{"executionId":"18","userId":"9b8b052a-db15-4de7-91d1-091b24ac0870","success":true,"isManual":true,"workflowId":"XaLsTVD8VmMtYP5m","workflowName":"My workflow"}}
{"__type":"$$EventMessageConfirm","confirm":"f42cae87-d046-44d4-a002-6b4449808657","ts":"2025-06-04T12:30:05.804+00:00","source":{"id":"0","name":"eventBus"}}
