{"__type":"$$EventMessageWorkflow","id":"eedffe02-658d-47df-9559-c4c03c1f0b13","ts":"2025-06-04T12:51:34.529+00:00","eventName":"n8n.workflow.started","message":"n8n.workflow.started","payload":{"executionId":"19","workflowId":"XaLsTVD8VmMtYP5m","isManual":false,"workflowName":"My workflow"}}
{"__type":"$$EventMessageConfirm","confirm":"eedffe02-658d-47df-9559-c4c03c1f0b13","ts":"2025-06-04T12:51:34.531+00:00","source":{"id":"0","name":"eventBus"}}
{"__type":"$$EventMessageNode","id":"e060bf3f-a015-49ce-be34-35acf588bf3a","ts":"2025-06-04T12:51:34.535+00:00","eventName":"n8n.node.started","message":"n8n.node.started","payload":{"workflowId":"XaLsTVD8VmMtYP5m","workflowName":"My workflow","executionId":"19","nodeType":"n8n-nodes-base.manualTrigger","nodeName":"When clicking ‘Execute workflow’"}}
{"__type":"$$EventMessageConfirm","confirm":"e060bf3f-a015-49ce-be34-35acf588bf3a","ts":"2025-06-04T12:51:34.535+00:00","source":{"id":"0","name":"eventBus"}}
{"__type":"$$EventMessageNode","id":"5a970118-0f26-4ff5-8cce-5f3a6dd8cf91","ts":"2025-06-04T12:51:34.546+00:00","eventName":"n8n.node.finished","message":"n8n.node.finished","payload":{"workflowId":"XaLsTVD8VmMtYP5m","workflowName":"My workflow","executionId":"19","nodeType":"n8n-nodes-base.manualTrigger","nodeName":"When clicking ‘Execute workflow’"}}
{"__type":"$$EventMessageConfirm","confirm":"5a970118-0f26-4ff5-8cce-5f3a6dd8cf91","ts":"2025-06-04T12:51:34.546+00:00","source":{"id":"0","name":"eventBus"}}
{"__type":"$$EventMessageNode","id":"bf9b160e-ed7b-40ef-9afe-43c59f086c07","ts":"2025-06-04T12:51:34.548+00:00","eventName":"n8n.node.started","message":"n8n.node.started","payload":{"workflowId":"XaLsTVD8VmMtYP5m","workflowName":"My workflow","executionId":"19","nodeType":"n8n-nodes-base.executeCommand","nodeName":"Execute Command"}}
{"__type":"$$EventMessageConfirm","confirm":"bf9b160e-ed7b-40ef-9afe-43c59f086c07","ts":"2025-06-04T12:51:34.548+00:00","source":{"id":"0","name":"eventBus"}}
{"__type":"$$EventMessageNode","id":"604b5e59-b54e-4d09-a5ea-88bd8876c1ad","ts":"2025-06-04T12:51:36.887+00:00","eventName":"n8n.node.finished","message":"n8n.node.finished","payload":{"workflowId":"XaLsTVD8VmMtYP5m","workflowName":"My workflow","executionId":"19","nodeType":"n8n-nodes-base.executeCommand","nodeName":"Execute Command"}}
{"__type":"$$EventMessageConfirm","confirm":"604b5e59-b54e-4d09-a5ea-88bd8876c1ad","ts":"2025-06-04T12:51:36.887+00:00","source":{"id":"0","name":"eventBus"}}
{"__type":"$$EventMessageWorkflow","id":"f57a786a-5880-4932-80f8-9bb59b2c249e","ts":"2025-06-04T12:51:36.895+00:00","eventName":"n8n.workflow.success","message":"n8n.workflow.success","payload":{"executionId":"19","userId":"9b8b052a-db15-4de7-91d1-091b24ac0870","success":true,"isManual":true,"workflowId":"XaLsTVD8VmMtYP5m","workflowName":"My workflow"}}
{"__type":"$$EventMessageConfirm","confirm":"f57a786a-5880-4932-80f8-9bb59b2c249e","ts":"2025-06-04T12:51:36.896+00:00","source":{"id":"0","name":"eventBus"}}
{"__type":"$$EventMessageWorkflow","id":"49cd638c-b6d2-48f5-b5c4-635d7dd677c2","ts":"2025-06-04T13:07:49.008+00:00","eventName":"n8n.workflow.started","message":"n8n.workflow.started","payload":{"executionId":"20","workflowId":"XaLsTVD8VmMtYP5m","isManual":false,"workflowName":"My workflow"}}
{"__type":"$$EventMessageConfirm","confirm":"49cd638c-b6d2-48f5-b5c4-635d7dd677c2","ts":"2025-06-04T13:07:49.008+00:00","source":{"id":"0","name":"eventBus"}}
{"__type":"$$EventMessageNode","id":"7337b539-c9b5-433c-b0c3-123cd0a12d2a","ts":"2025-06-04T13:07:49.010+00:00","eventName":"n8n.node.started","message":"n8n.node.started","payload":{"workflowId":"XaLsTVD8VmMtYP5m","workflowName":"My workflow","executionId":"20","nodeType":"n8n-nodes-base.executeCommand","nodeName":"Execute Command"}}
{"__type":"$$EventMessageConfirm","confirm":"7337b539-c9b5-433c-b0c3-123cd0a12d2a","ts":"2025-06-04T13:07:49.011+00:00","source":{"id":"0","name":"eventBus"}}
{"__type":"$$EventMessageNode","id":"8930d23f-f8de-4d51-be62-d792dd356781","ts":"2025-06-04T13:07:50.630+00:00","eventName":"n8n.node.finished","message":"n8n.node.finished","payload":{"workflowId":"XaLsTVD8VmMtYP5m","workflowName":"My workflow","executionId":"20","nodeType":"n8n-nodes-base.executeCommand","nodeName":"Execute Command"}}
{"__type":"$$EventMessageConfirm","confirm":"8930d23f-f8de-4d51-be62-d792dd356781","ts":"2025-06-04T13:07:50.630+00:00","source":{"id":"0","name":"eventBus"}}
{"__type":"$$EventMessageWorkflow","id":"58cedacb-51f6-4871-b91f-170eb47fcbc2","ts":"2025-06-04T13:07:50.635+00:00","eventName":"n8n.workflow.success","message":"n8n.workflow.success","payload":{"executionId":"20","userId":"9b8b052a-db15-4de7-91d1-091b24ac0870","success":true,"isManual":true,"workflowId":"XaLsTVD8VmMtYP5m","workflowName":"My workflow"}}
{"__type":"$$EventMessageConfirm","confirm":"58cedacb-51f6-4871-b91f-170eb47fcbc2","ts":"2025-06-04T13:07:50.635+00:00","source":{"id":"0","name":"eventBus"}}
{"__type":"$$EventMessageWorkflow","id":"a7f52b49-8cb4-4649-a968-53f5c6af27f7","ts":"2025-06-04T13:08:30.666+00:00","eventName":"n8n.workflow.started","message":"n8n.workflow.started","payload":{"executionId":"21","workflowId":"XaLsTVD8VmMtYP5m","isManual":false,"workflowName":"My workflow"}}
{"__type":"$$EventMessageConfirm","confirm":"a7f52b49-8cb4-4649-a968-53f5c6af27f7","ts":"2025-06-04T13:08:30.666+00:00","source":{"id":"0","name":"eventBus"}}
{"__type":"$$EventMessageNode","id":"647b0afb-43da-4cf5-98bc-fb2170507b03","ts":"2025-06-04T13:08:30.667+00:00","eventName":"n8n.node.started","message":"n8n.node.started","payload":{"workflowId":"XaLsTVD8VmMtYP5m","workflowName":"My workflow","executionId":"21","nodeType":"n8n-nodes-base.manualTrigger","nodeName":"When clicking ‘Execute workflow’"}}
{"__type":"$$EventMessageConfirm","confirm":"647b0afb-43da-4cf5-98bc-fb2170507b03","ts":"2025-06-04T13:08:30.668+00:00","source":{"id":"0","name":"eventBus"}}
{"__type":"$$EventMessageNode","id":"6994f91e-7bbb-4ca6-821c-905856867447","ts":"2025-06-04T13:08:30.670+00:00","eventName":"n8n.node.finished","message":"n8n.node.finished","payload":{"workflowId":"XaLsTVD8VmMtYP5m","workflowName":"My workflow","executionId":"21","nodeType":"n8n-nodes-base.manualTrigger","nodeName":"When clicking ‘Execute workflow’"}}
{"__type":"$$EventMessageConfirm","confirm":"6994f91e-7bbb-4ca6-821c-905856867447","ts":"2025-06-04T13:08:30.670+00:00","source":{"id":"0","name":"eventBus"}}
{"__type":"$$EventMessageNode","id":"fa7c6aec-bf5a-4f26-b3a5-baa7c7bea332","ts":"2025-06-04T13:08:30.671+00:00","eventName":"n8n.node.started","message":"n8n.node.started","payload":{"workflowId":"XaLsTVD8VmMtYP5m","workflowName":"My workflow","executionId":"21","nodeType":"n8n-nodes-base.executeCommand","nodeName":"Execute Command"}}
{"__type":"$$EventMessageConfirm","confirm":"fa7c6aec-bf5a-4f26-b3a5-baa7c7bea332","ts":"2025-06-04T13:08:30.672+00:00","source":{"id":"0","name":"eventBus"}}
{"__type":"$$EventMessageNode","id":"1b9a2d4d-98c2-48fd-9729-61940b2a7099","ts":"2025-06-04T13:08:32.240+00:00","eventName":"n8n.node.finished","message":"n8n.node.finished","payload":{"workflowId":"XaLsTVD8VmMtYP5m","workflowName":"My workflow","executionId":"21","nodeType":"n8n-nodes-base.executeCommand","nodeName":"Execute Command"}}
{"__type":"$$EventMessageConfirm","confirm":"1b9a2d4d-98c2-48fd-9729-61940b2a7099","ts":"2025-06-04T13:08:32.241+00:00","source":{"id":"0","name":"eventBus"}}
{"__type":"$$EventMessageWorkflow","id":"45b351aa-7af6-4ea0-bdee-f9800883f06d","ts":"2025-06-04T13:08:32.243+00:00","eventName":"n8n.workflow.success","message":"n8n.workflow.success","payload":{"executionId":"21","userId":"9b8b052a-db15-4de7-91d1-091b24ac0870","success":true,"isManual":true,"workflowId":"XaLsTVD8VmMtYP5m","workflowName":"My workflow"}}
{"__type":"$$EventMessageConfirm","confirm":"45b351aa-7af6-4ea0-bdee-f9800883f06d","ts":"2025-06-04T13:08:32.243+00:00","source":{"id":"0","name":"eventBus"}}
