{"__type":"$$EventMessageWorkflow","id":"f476be6f-6af6-4f8c-9727-48a0556ffdae","ts":"2025-06-06T22:13:46.935+00:00","eventName":"n8n.workflow.started","message":"n8n.workflow.started","payload":{"executionId":"22","workflowId":"XaLsTVD8VmMtYP5m","isManual":false,"workflowName":"My workflow"}}
{"__type":"$$EventMessageConfirm","confirm":"f476be6f-6af6-4f8c-9727-48a0556ffdae","ts":"2025-06-06T22:13:46.936+00:00","source":{"id":"0","name":"eventBus"}}
{"__type":"$$EventMessageNode","id":"068554ea-9286-4d72-80bb-90eac3a66b1f","ts":"2025-06-06T22:13:46.941+00:00","eventName":"n8n.node.started","message":"n8n.node.started","payload":{"workflowId":"XaLsTVD8VmMtYP5m","workflowName":"My workflow","executionId":"22","nodeType":"n8n-nodes-base.manualTrigger","nodeName":"When clicking ‘Execute workflow’"}}
{"__type":"$$EventMessageConfirm","confirm":"068554ea-9286-4d72-80bb-90eac3a66b1f","ts":"2025-06-06T22:13:46.941+00:00","source":{"id":"0","name":"eventBus"}}
{"__type":"$$EventMessageNode","id":"08ff672a-749f-44da-aa46-465685cbe0d8","ts":"2025-06-06T22:13:46.951+00:00","eventName":"n8n.node.finished","message":"n8n.node.finished","payload":{"workflowId":"XaLsTVD8VmMtYP5m","workflowName":"My workflow","executionId":"22","nodeType":"n8n-nodes-base.manualTrigger","nodeName":"When clicking ‘Execute workflow’"}}
{"__type":"$$EventMessageConfirm","confirm":"08ff672a-749f-44da-aa46-465685cbe0d8","ts":"2025-06-06T22:13:46.951+00:00","source":{"id":"0","name":"eventBus"}}
{"__type":"$$EventMessageNode","id":"2322360d-6ccc-4f52-abcc-2ba36debcea9","ts":"2025-06-06T22:13:46.953+00:00","eventName":"n8n.node.started","message":"n8n.node.started","payload":{"workflowId":"XaLsTVD8VmMtYP5m","workflowName":"My workflow","executionId":"22","nodeType":"n8n-nodes-base.executeCommand","nodeName":"Execute Command"}}
{"__type":"$$EventMessageConfirm","confirm":"2322360d-6ccc-4f52-abcc-2ba36debcea9","ts":"2025-06-06T22:13:46.954+00:00","source":{"id":"0","name":"eventBus"}}
{"__type":"$$EventMessageWorkflow","id":"e7742132-a07a-4081-8314-c2f371fe67bf","ts":"2025-06-06T22:18:15.171+00:00","eventName":"n8n.workflow.failed","message":"n8n.workflow.failed","payload":{"executionId":"22","userId":"9b8b052a-db15-4de7-91d1-091b24ac0870","success":false,"isManual":true,"workflowId":"XaLsTVD8VmMtYP5m","workflowName":"My workflow","lastNodeExecuted":"When clicking ‘Execute workflow’"}}
{"__type":"$$EventMessageConfirm","confirm":"e7742132-a07a-4081-8314-c2f371fe67bf","ts":"2025-06-06T22:18:15.172+00:00","source":{"id":"0","name":"eventBus"}}
{"__type":"$$EventMessageWorkflow","id":"522e4eec-1265-43bc-ba5c-21299fa90a17","ts":"2025-06-06T22:18:21.370+00:00","eventName":"n8n.workflow.started","message":"n8n.workflow.started","payload":{"executionId":"23","workflowId":"XaLsTVD8VmMtYP5m","isManual":false,"workflowName":"My workflow"}}
{"__type":"$$EventMessageConfirm","confirm":"522e4eec-1265-43bc-ba5c-21299fa90a17","ts":"2025-06-06T22:18:21.370+00:00","source":{"id":"0","name":"eventBus"}}
{"__type":"$$EventMessageNode","id":"ab65d383-aedb-42df-a753-c5eafe118f56","ts":"2025-06-06T22:18:21.371+00:00","eventName":"n8n.node.started","message":"n8n.node.started","payload":{"workflowId":"XaLsTVD8VmMtYP5m","workflowName":"My workflow","executionId":"23","nodeType":"n8n-nodes-base.manualTrigger","nodeName":"When clicking ‘Execute workflow’"}}
{"__type":"$$EventMessageConfirm","confirm":"ab65d383-aedb-42df-a753-c5eafe118f56","ts":"2025-06-06T22:18:21.371+00:00","source":{"id":"0","name":"eventBus"}}
{"__type":"$$EventMessageNode","id":"901608af-84c6-4698-801d-495b4251d4e1","ts":"2025-06-06T22:18:21.376+00:00","eventName":"n8n.node.finished","message":"n8n.node.finished","payload":{"workflowId":"XaLsTVD8VmMtYP5m","workflowName":"My workflow","executionId":"23","nodeType":"n8n-nodes-base.manualTrigger","nodeName":"When clicking ‘Execute workflow’"}}
{"__type":"$$EventMessageConfirm","confirm":"901608af-84c6-4698-801d-495b4251d4e1","ts":"2025-06-06T22:18:21.376+00:00","source":{"id":"0","name":"eventBus"}}
{"__type":"$$EventMessageNode","id":"ef33438c-2bad-477b-9122-80da11368839","ts":"2025-06-06T22:18:21.377+00:00","eventName":"n8n.node.started","message":"n8n.node.started","payload":{"workflowId":"XaLsTVD8VmMtYP5m","workflowName":"My workflow","executionId":"23","nodeType":"n8n-nodes-base.executeCommand","nodeName":"Execute Command"}}
{"__type":"$$EventMessageConfirm","confirm":"ef33438c-2bad-477b-9122-80da11368839","ts":"2025-06-06T22:18:21.377+00:00","source":{"id":"0","name":"eventBus"}}
{"__type":"$$EventMessageNode","id":"0a96bc68-0637-4aae-8305-6e63cc64e493","ts":"2025-06-06T22:18:24.642+00:00","eventName":"n8n.node.finished","message":"n8n.node.finished","payload":{"workflowId":"XaLsTVD8VmMtYP5m","workflowName":"My workflow","executionId":"23","nodeType":"n8n-nodes-base.executeCommand","nodeName":"Execute Command"}}
{"__type":"$$EventMessageConfirm","confirm":"0a96bc68-0637-4aae-8305-6e63cc64e493","ts":"2025-06-06T22:18:24.642+00:00","source":{"id":"0","name":"eventBus"}}
{"__type":"$$EventMessageWorkflow","id":"315f81f6-2b18-49e7-90b1-ede48ab180dc","ts":"2025-06-06T22:18:24.649+00:00","eventName":"n8n.workflow.success","message":"n8n.workflow.success","payload":{"executionId":"23","userId":"9b8b052a-db15-4de7-91d1-091b24ac0870","success":true,"isManual":true,"workflowId":"XaLsTVD8VmMtYP5m","workflowName":"My workflow"}}
{"__type":"$$EventMessageConfirm","confirm":"315f81f6-2b18-49e7-90b1-ede48ab180dc","ts":"2025-06-06T22:18:24.649+00:00","source":{"id":"0","name":"eventBus"}}
